\BOOKMARK [0][-]{chapter.1}{Overview}{}% 1
\BOOKMARK [1][-]{section.1.1}{Microprocessor}{chapter.1}% 2
\BOOKMARK [1][-]{section.1.2}{Output}{chapter.1}% 3
\BOOKMARK [1][-]{section.1.3}{Input}{chapter.1}% 4
\BOOKMARK [1][-]{section.1.4}{Commands}{chapter.1}% 5
\BOOKMARK [0][-]{chapter.2}{Connector Pins}{}% 6
\BOOKMARK [1][-]{section.2.1}{Power}{chapter.2}% 7
\BOOKMARK [1][-]{section.2.2}{Output}{chapter.2}% 8
\BOOKMARK [1][-]{section.2.3}{Thermistor input}{chapter.2}% 9
\BOOKMARK [1][-]{section.2.4}{Switches}{chapter.2}% 10
\BOOKMARK [1][-]{section.2.5}{LEDs}{chapter.2}% 11
\BOOKMARK [1][-]{section.2.6}{USB}{chapter.2}% 12
\BOOKMARK [0][-]{chapter.3}{Options and Hardware Configuration}{}% 13
\BOOKMARK [1][-]{section.3.1}{OPA Choice}{chapter.3}% 14
\BOOKMARK [1][-]{section.3.2}{OPA gain}{chapter.3}% 15
\BOOKMARK [1][-]{section.3.3}{Instrumentation gain}{chapter.3}% 16
\BOOKMARK [1][-]{section.3.4}{Setpoint resistors}{chapter.3}% 17
\BOOKMARK [1][-]{section.3.5}{Sensing series resistors}{chapter.3}% 18
\BOOKMARK [1][-]{section.3.6}{Pins.h}{chapter.3}% 19
\BOOKMARK [0][-]{chapter.4}{Initial setup}{}% 20
\BOOKMARK [0][-]{chapter.5}{Voltage Conversion Formulae}{}% 21
\BOOKMARK [0][-]{chapter.6}{Hardware Design}{}% 22
\BOOKMARK [1][-]{section.6.1}{Isolation}{chapter.6}% 23
\BOOKMARK [1][-]{section.6.2}{ADS1262 - Analog to Digital Converter}{chapter.6}% 24
\BOOKMARK [1][-]{section.6.3}{INA330 - Thermistor Amplifier}{chapter.6}% 25
\BOOKMARK [1][-]{section.6.4}{OPA548/9 - Output Amplifiers}{chapter.6}% 26
\BOOKMARK [1][-]{section.6.5}{DAC8564 - Digital to Analog Converter}{chapter.6}% 27
\BOOKMARK [1][-]{section.6.6}{ATMega328p - The micro controller}{chapter.6}% 28
\BOOKMARK [1][-]{section.6.7}{RS485}{chapter.6}% 29
\BOOKMARK [0][-]{chapter.7}{Software Structure}{}% 30
\BOOKMARK [1][-]{section.7.1}{Doxygen}{chapter.7}% 31
\BOOKMARK [1][-]{section.7.2}{Code Overview}{chapter.7}% 32
\BOOKMARK [0][-]{section*.3}{Appendices}{}% 33
\BOOKMARK [0][-]{Appendix.1.A}{Available Commands}{}% 34
\BOOKMARK [1][-]{subsection.1.A.0.1}{CommandDefinitions.h File Reference}{Appendix.1.A}% 35
\BOOKMARK [0][-]{Appendix.1.B}{Full Doxygen documentation}{}% 36
